{"C:\\Users\\maisa\\Documents\\aa-maisa\\a-amk\\web\\project\\group7-project\\backend\\app.js": {"path":"C:\\Users\\maisa\\Documents\\aa-maisa\\a-amk\\web\\project\\group7-project\\backend\\app.js","statementMap":{"0":{"start":{"line":1,"column":0},"end":{"line":1,"column":27}},"1":{"start":{"line":2,"column":16},"end":{"line":2,"column":34}},"2":{"start":{"line":3,"column":13},"end":{"line":3,"column":28}},"3":{"start":{"line":4,"column":18},"end":{"line":4,"column":40}},"4":{"start":{"line":6,"column":19},"end":{"line":6,"column":50}},"5":{"start":{"line":7,"column":19},"end":{"line":7,"column":50}},"6":{"start":{"line":11,"column":12},"end":{"line":11,"column":21}},"7":{"start":{"line":14,"column":0},"end":{"line":14,"column":12}},"8":{"start":{"line":17,"column":0},"end":{"line":17,"column":16}},"9":{"start":{"line":18,"column":0},"end":{"line":18,"column":24}},"10":{"start":{"line":21,"column":0},"end":{"line":21,"column":53}},"11":{"start":{"line":21,"column":27},"end":{"line":21,"column":51}},"12":{"start":{"line":22,"column":0},"end":{"line":22,"column":33}},"13":{"start":{"line":23,"column":0},"end":{"line":23,"column":34}},"14":{"start":{"line":26,"column":0},"end":{"line":26,"column":21}}},"fnMap":{"0":{"name":"(anonymous_0)","decl":{"start":{"line":21,"column":13},"end":{"line":21,"column":14}},"loc":{"start":{"line":21,"column":27},"end":{"line":21,"column":51}},"line":21}},"branchMap":{},"s":{"0":1,"1":1,"2":1,"3":1,"4":1,"5":1,"6":1,"7":1,"8":1,"9":1,"10":1,"11":0,"12":1,"13":1,"14":1},"f":{"0":0},"b":{},"_coverageSchema":"1a1c01bbd47fc00a2c39e90264f33305004495a9","hash":"d7f56409d9f6aeae3700c236513b179edc91dd38"}
,"C:\\Users\\maisa\\Documents\\aa-maisa\\a-amk\\web\\project\\group7-project\\backend\\config\\db.js": {"path":"C:\\Users\\maisa\\Documents\\aa-maisa\\a-amk\\web\\project\\group7-project\\backend\\config\\db.js","statementMap":{"0":{"start":{"line":1,"column":17},"end":{"line":1,"column":36}},"1":{"start":{"line":3,"column":18},"end":{"line":11,"column":1}},"2":{"start":{"line":4,"column":4},"end":{"line":10,"column":5}},"3":{"start":{"line":5,"column":21},"end":{"line":5,"column":66}},"4":{"start":{"line":6,"column":8},"end":{"line":6,"column":66}},"5":{"start":{"line":8,"column":8},"end":{"line":8,"column":37}},"6":{"start":{"line":9,"column":8},"end":{"line":9,"column":24}},"7":{"start":{"line":13,"column":0},"end":{"line":13,"column":27}}},"fnMap":{"0":{"name":"(anonymous_0)","decl":{"start":{"line":3,"column":18},"end":{"line":3,"column":19}},"loc":{"start":{"line":3,"column":30},"end":{"line":11,"column":1}},"line":3}},"branchMap":{},"s":{"0":1,"1":1,"2":1,"3":1,"4":1,"5":0,"6":0,"7":1},"f":{"0":1},"b":{},"_coverageSchema":"1a1c01bbd47fc00a2c39e90264f33305004495a9","hash":"1774132c74ba49be17cfed66f2b3fbf7f4453452"}
,"C:\\Users\\maisa\\Documents\\aa-maisa\\a-amk\\web\\project\\group7-project\\backend\\controllers\\loginController.js": {"path":"C:\\Users\\maisa\\Documents\\aa-maisa\\a-amk\\web\\project\\group7-project\\backend\\controllers\\loginController.js","statementMap":{"0":{"start":{"line":1,"column":13},"end":{"line":1,"column":43}},"1":{"start":{"line":2,"column":12},"end":{"line":2,"column":35}},"2":{"start":{"line":5,"column":20},"end":{"line":7,"column":1}},"3":{"start":{"line":6,"column":2},"end":{"line":6,"column":65}},"4":{"start":{"line":10,"column":19},"end":{"line":23,"column":1}},"5":{"start":{"line":11,"column":28},"end":{"line":11,"column":36}},"6":{"start":{"line":13,"column":2},"end":{"line":22,"column":3}},"7":{"start":{"line":14,"column":17},"end":{"line":14,"column":51}},"8":{"start":{"line":17,"column":18},"end":{"line":17,"column":39}},"9":{"start":{"line":19,"column":4},"end":{"line":19,"column":40}},"10":{"start":{"line":21,"column":4},"end":{"line":21,"column":48}},"11":{"start":{"line":26,"column":18},"end":{"line":39,"column":1}},"12":{"start":{"line":27,"column":28},"end":{"line":27,"column":36}},"13":{"start":{"line":29,"column":2},"end":{"line":38,"column":3}},"14":{"start":{"line":30,"column":17},"end":{"line":30,"column":50}},"15":{"start":{"line":33,"column":18},"end":{"line":33,"column":39}},"16":{"start":{"line":35,"column":4},"end":{"line":35,"column":40}},"17":{"start":{"line":37,"column":4},"end":{"line":37,"column":48}},"18":{"start":{"line":42,"column":0},"end":{"line":42,"column":42}}},"fnMap":{"0":{"name":"(anonymous_0)","decl":{"start":{"line":5,"column":20},"end":{"line":5,"column":21}},"loc":{"start":{"line":5,"column":29},"end":{"line":7,"column":1}},"line":5},"1":{"name":"(anonymous_1)","decl":{"start":{"line":10,"column":19},"end":{"line":10,"column":20}},"loc":{"start":{"line":10,"column":39},"end":{"line":23,"column":1}},"line":10},"2":{"name":"(anonymous_2)","decl":{"start":{"line":26,"column":18},"end":{"line":26,"column":19}},"loc":{"start":{"line":26,"column":38},"end":{"line":39,"column":1}},"line":26}},"branchMap":{},"s":{"0":1,"1":1,"2":1,"3":0,"4":1,"5":0,"6":0,"7":0,"8":0,"9":0,"10":0,"11":1,"12":0,"13":0,"14":0,"15":0,"16":0,"17":0,"18":1},"f":{"0":0,"1":0,"2":0},"b":{},"_coverageSchema":"1a1c01bbd47fc00a2c39e90264f33305004495a9","hash":"aa9c28ceb851164e70bb157706b37dd850cfa758"}
,"C:\\Users\\maisa\\Documents\\aa-maisa\\a-amk\\web\\project\\group7-project\\backend\\controllers\\postController.js": {"path":"C:\\Users\\maisa\\Documents\\aa-maisa\\a-amk\\web\\project\\group7-project\\backend\\controllers\\postController.js","statementMap":{"0":{"start":{"line":1,"column":17},"end":{"line":1,"column":36}},"1":{"start":{"line":2,"column":13},"end":{"line":2,"column":43}},"2":{"start":{"line":6,"column":17},"end":{"line":13,"column":1}},"3":{"start":{"line":7,"column":4},"end":{"line":12,"column":5}},"4":{"start":{"line":8,"column":22},"end":{"line":8,"column":39}},"5":{"start":{"line":9,"column":8},"end":{"line":9,"column":36}},"6":{"start":{"line":11,"column":8},"end":{"line":11,"column":55}},"7":{"start":{"line":16,"column":16},"end":{"line":27,"column":1}},"8":{"start":{"line":17,"column":25},"end":{"line":17,"column":33}},"9":{"start":{"line":19,"column":4},"end":{"line":26,"column":5}},"10":{"start":{"line":20,"column":24},"end":{"line":20,"column":67}},"11":{"start":{"line":21,"column":8},"end":{"line":21,"column":29}},"12":{"start":{"line":22,"column":8},"end":{"line":22,"column":29}},"13":{"start":{"line":23,"column":8},"end":{"line":23,"column":38}},"14":{"start":{"line":25,"column":8},"end":{"line":25,"column":55}},"15":{"start":{"line":30,"column":20},"end":{"line":40,"column":1}},"16":{"start":{"line":31,"column":4},"end":{"line":39,"column":5}},"17":{"start":{"line":32,"column":21},"end":{"line":32,"column":55}},"18":{"start":{"line":33,"column":8},"end":{"line":35,"column":9}},"19":{"start":{"line":34,"column":12},"end":{"line":34,"column":70}},"20":{"start":{"line":36,"column":8},"end":{"line":36,"column":35}},"21":{"start":{"line":38,"column":8},"end":{"line":38,"column":66}},"22":{"start":{"line":43,"column":22},"end":{"line":51,"column":1}},"23":{"start":{"line":44,"column":4},"end":{"line":50,"column":5}},"24":{"start":{"line":45,"column":29},"end":{"line":45,"column":39}},"25":{"start":{"line":46,"column":22},"end":{"line":46,"column":59}},"26":{"start":{"line":47,"column":8},"end":{"line":47,"column":24}},"27":{"start":{"line":49,"column":8},"end":{"line":49,"column":55}},"28":{"start":{"line":54,"column":19},"end":{"line":68,"column":1}},"29":{"start":{"line":55,"column":4},"end":{"line":67,"column":5}},"30":{"start":{"line":56,"column":21},"end":{"line":60,"column":13}},"31":{"start":{"line":61,"column":8},"end":{"line":63,"column":9}},"32":{"start":{"line":62,"column":12},"end":{"line":62,"column":70}},"33":{"start":{"line":64,"column":8},"end":{"line":64,"column":35}},"34":{"start":{"line":66,"column":8},"end":{"line":66,"column":55}},"35":{"start":{"line":71,"column":19},"end":{"line":81,"column":1}},"36":{"start":{"line":72,"column":4},"end":{"line":80,"column":5}},"37":{"start":{"line":73,"column":21},"end":{"line":73,"column":64}},"38":{"start":{"line":74,"column":8},"end":{"line":76,"column":9}},"39":{"start":{"line":75,"column":12},"end":{"line":75,"column":70}},"40":{"start":{"line":77,"column":8},"end":{"line":77,"column":71}},"41":{"start":{"line":79,"column":8},"end":{"line":79,"column":55}},"42":{"start":{"line":83,"column":0},"end":{"line":90,"column":2}}},"fnMap":{"0":{"name":"(anonymous_0)","decl":{"start":{"line":6,"column":17},"end":{"line":6,"column":18}},"loc":{"start":{"line":6,"column":37},"end":{"line":13,"column":1}},"line":6},"1":{"name":"(anonymous_1)","decl":{"start":{"line":16,"column":16},"end":{"line":16,"column":17}},"loc":{"start":{"line":16,"column":36},"end":{"line":27,"column":1}},"line":16},"2":{"name":"(anonymous_2)","decl":{"start":{"line":30,"column":20},"end":{"line":30,"column":21}},"loc":{"start":{"line":30,"column":40},"end":{"line":40,"column":1}},"line":30},"3":{"name":"(anonymous_3)","decl":{"start":{"line":43,"column":22},"end":{"line":43,"column":23}},"loc":{"start":{"line":43,"column":42},"end":{"line":51,"column":1}},"line":43},"4":{"name":"(anonymous_4)","decl":{"start":{"line":54,"column":19},"end":{"line":54,"column":20}},"loc":{"start":{"line":54,"column":39},"end":{"line":68,"column":1}},"line":54},"5":{"name":"(anonymous_5)","decl":{"start":{"line":71,"column":19},"end":{"line":71,"column":20}},"loc":{"start":{"line":71,"column":39},"end":{"line":81,"column":1}},"line":71}},"branchMap":{"0":{"loc":{"start":{"line":33,"column":8},"end":{"line":35,"column":9}},"type":"if","locations":[{"start":{"line":33,"column":8},"end":{"line":35,"column":9}},{"start":{},"end":{}}],"line":33},"1":{"loc":{"start":{"line":61,"column":8},"end":{"line":63,"column":9}},"type":"if","locations":[{"start":{"line":61,"column":8},"end":{"line":63,"column":9}},{"start":{},"end":{}}],"line":61},"2":{"loc":{"start":{"line":74,"column":8},"end":{"line":76,"column":9}},"type":"if","locations":[{"start":{"line":74,"column":8},"end":{"line":76,"column":9}},{"start":{},"end":{}}],"line":74}},"s":{"0":1,"1":1,"2":1,"3":1,"4":1,"5":1,"6":0,"7":1,"8":0,"9":0,"10":0,"11":0,"12":0,"13":0,"14":0,"15":1,"16":1,"17":1,"18":0,"19":0,"20":0,"21":1,"22":1,"23":0,"24":0,"25":0,"26":0,"27":0,"28":1,"29":0,"30":0,"31":0,"32":0,"33":0,"34":0,"35":1,"36":0,"37":0,"38":0,"39":0,"40":0,"41":0,"42":1},"f":{"0":1,"1":0,"2":1,"3":0,"4":0,"5":0},"b":{"0":[0,0],"1":[0,0],"2":[0,0]},"_coverageSchema":"1a1c01bbd47fc00a2c39e90264f33305004495a9","hash":"9a7a04aabf85135695a56d7ba3f8edd34c759565"}
,"C:\\Users\\maisa\\Documents\\aa-maisa\\a-amk\\web\\project\\group7-project\\backend\\controllers\\userController.js": {"path":"C:\\Users\\maisa\\Documents\\aa-maisa\\a-amk\\web\\project\\group7-project\\backend\\controllers\\userController.js","statementMap":{"0":{"start":{"line":1,"column":17},"end":{"line":1,"column":36}},"1":{"start":{"line":2,"column":13},"end":{"line":2,"column":43}},"2":{"start":{"line":6,"column":17},"end":{"line":17,"column":1}},"3":{"start":{"line":7,"column":2},"end":{"line":16,"column":3}},"4":{"start":{"line":8,"column":18},"end":{"line":8,"column":35}},"5":{"start":{"line":9,"column":4},"end":{"line":13,"column":5}},"6":{"start":{"line":10,"column":6},"end":{"line":10,"column":65}},"7":{"start":{"line":12,"column":4},"end":{"line":12,"column":20}},"8":{"start":{"line":15,"column":4},"end":{"line":15,"column":47}},"9":{"start":{"line":21,"column":16},"end":{"line":37,"column":1}},"10":{"start":{"line":22,"column":62},"end":{"line":22,"column":70}},"11":{"start":{"line":23,"column":2},"end":{"line":23,"column":24}},"12":{"start":{"line":25,"column":2},"end":{"line":36,"column":5}},"13":{"start":{"line":26,"column":4},"end":{"line":28,"column":5}},"14":{"start":{"line":27,"column":6},"end":{"line":27,"column":77}},"15":{"start":{"line":30,"column":20},"end":{"line":30,"column":80}},"16":{"start":{"line":31,"column":22},"end":{"line":31,"column":42}},"17":{"start":{"line":32,"column":4},"end":{"line":32,"column":36}},"18":{"start":{"line":35,"column":8},"end":{"line":35,"column":58}},"19":{"start":{"line":41,"column":20},"end":{"line":48,"column":1}},"20":{"start":{"line":42,"column":2},"end":{"line":47,"column":3}},"21":{"start":{"line":43,"column":17},"end":{"line":43,"column":51}},"22":{"start":{"line":44,"column":4},"end":{"line":44,"column":19}},"23":{"start":{"line":46,"column":4},"end":{"line":46,"column":56}},"24":{"start":{"line":52,"column":19},"end":{"line":67,"column":1}},"25":{"start":{"line":53,"column":2},"end":{"line":66,"column":3}},"26":{"start":{"line":54,"column":17},"end":{"line":54,"column":51}},"27":{"start":{"line":55,"column":4},"end":{"line":55,"column":38}},"28":{"start":{"line":56,"column":4},"end":{"line":56,"column":32}},"29":{"start":{"line":57,"column":4},"end":{"line":57,"column":38}},"30":{"start":{"line":58,"column":4},"end":{"line":58,"column":40}},"31":{"start":{"line":59,"column":24},"end":{"line":59,"column":41}},"32":{"start":{"line":60,"column":4},"end":{"line":60,"column":26}},"33":{"start":{"line":61,"column":4},"end":{"line":63,"column":5}},"34":{"start":{"line":62,"column":6},"end":{"line":62,"column":65}},"35":{"start":{"line":65,"column":4},"end":{"line":65,"column":63}},"36":{"start":{"line":70,"column":19},"end":{"line":79,"column":1}},"37":{"start":{"line":71,"column":2},"end":{"line":78,"column":3}},"38":{"start":{"line":72,"column":17},"end":{"line":72,"column":51}},"39":{"start":{"line":73,"column":4},"end":{"line":73,"column":24}},"40":{"start":{"line":74,"column":4},"end":{"line":74,"column":55}},"41":{"start":{"line":77,"column":4},"end":{"line":77,"column":63}},"42":{"start":{"line":82,"column":0},"end":{"line":88,"column":2}}},"fnMap":{"0":{"name":"(anonymous_0)","decl":{"start":{"line":6,"column":17},"end":{"line":6,"column":18}},"loc":{"start":{"line":6,"column":37},"end":{"line":17,"column":1}},"line":6},"1":{"name":"(anonymous_1)","decl":{"start":{"line":21,"column":16},"end":{"line":21,"column":17}},"loc":{"start":{"line":21,"column":36},"end":{"line":37,"column":1}},"line":21},"2":{"name":"(anonymous_2)","decl":{"start":{"line":41,"column":20},"end":{"line":41,"column":21}},"loc":{"start":{"line":41,"column":40},"end":{"line":48,"column":1}},"line":41},"3":{"name":"(anonymous_3)","decl":{"start":{"line":52,"column":19},"end":{"line":52,"column":20}},"loc":{"start":{"line":52,"column":39},"end":{"line":67,"column":1}},"line":52},"4":{"name":"(anonymous_4)","decl":{"start":{"line":70,"column":19},"end":{"line":70,"column":20}},"loc":{"start":{"line":70,"column":39},"end":{"line":79,"column":1}},"line":70}},"branchMap":{"0":{"loc":{"start":{"line":9,"column":4},"end":{"line":13,"column":5}},"type":"if","locations":[{"start":{"line":9,"column":4},"end":{"line":13,"column":5}},{"start":{"line":11,"column":11},"end":{"line":13,"column":5}}],"line":9},"1":{"loc":{"start":{"line":26,"column":4},"end":{"line":28,"column":5}},"type":"if","locations":[{"start":{"line":26,"column":4},"end":{"line":28,"column":5}},{"start":{},"end":{}}],"line":26},"2":{"loc":{"start":{"line":26,"column":8},"end":{"line":26,"column":54}},"type":"binary-expr","locations":[{"start":{"line":26,"column":8},"end":{"line":26,"column":17}},{"start":{"line":26,"column":21},"end":{"line":26,"column":27}},{"start":{"line":26,"column":31},"end":{"line":26,"column":40}},{"start":{"line":26,"column":44},"end":{"line":26,"column":54}}],"line":26},"3":{"loc":{"start":{"line":61,"column":4},"end":{"line":63,"column":5}},"type":"if","locations":[{"start":{"line":61,"column":4},"end":{"line":63,"column":5}},{"start":{},"end":{}}],"line":61}},"s":{"0":1,"1":1,"2":1,"3":0,"4":0,"5":0,"6":0,"7":0,"8":0,"9":1,"10":0,"11":0,"12":0,"13":0,"14":0,"15":0,"16":0,"17":0,"18":0,"19":1,"20":0,"21":0,"22":0,"23":0,"24":1,"25":0,"26":0,"27":0,"28":0,"29":0,"30":0,"31":0,"32":0,"33":0,"34":0,"35":0,"36":1,"37":0,"38":0,"39":0,"40":0,"41":0,"42":1},"f":{"0":0,"1":0,"2":0,"3":0,"4":0},"b":{"0":[0,0],"1":[0,0],"2":[0,0,0,0],"3":[0,0]},"_coverageSchema":"1a1c01bbd47fc00a2c39e90264f33305004495a9","hash":"ec28305a4eaa1d832e72c988868e0fa77b3ebf48"}
,"C:\\Users\\maisa\\Documents\\aa-maisa\\a-amk\\web\\project\\group7-project\\backend\\middleware\\rolesMiddleware.js": {"path":"C:\\Users\\maisa\\Documents\\aa-maisa\\a-amk\\web\\project\\group7-project\\backend\\middleware\\rolesMiddleware.js","statementMap":{"0":{"start":{"line":2,"column":18},"end":{"line":12,"column":1}},"1":{"start":{"line":3,"column":2},"end":{"line":11,"column":4}},"2":{"start":{"line":4,"column":21},"end":{"line":4,"column":52}},"3":{"start":{"line":5,"column":4},"end":{"line":10,"column":5}},"4":{"start":{"line":6,"column":6},"end":{"line":6,"column":13}},"5":{"start":{"line":9,"column":6},"end":{"line":9,"column":57}},"6":{"start":{"line":14,"column":0},"end":{"line":16,"column":2}}},"fnMap":{"0":{"name":"(anonymous_0)","decl":{"start":{"line":2,"column":18},"end":{"line":2,"column":19}},"loc":{"start":{"line":2,"column":28},"end":{"line":12,"column":1}},"line":2},"1":{"name":"(anonymous_1)","decl":{"start":{"line":3,"column":9},"end":{"line":3,"column":10}},"loc":{"start":{"line":3,"column":29},"end":{"line":11,"column":3}},"line":3}},"branchMap":{"0":{"loc":{"start":{"line":4,"column":21},"end":{"line":4,"column":52}},"type":"binary-expr","locations":[{"start":{"line":4,"column":21},"end":{"line":4,"column":32}},{"start":{"line":4,"column":36},"end":{"line":4,"column":52}}],"line":4},"1":{"loc":{"start":{"line":5,"column":4},"end":{"line":10,"column":5}},"type":"if","locations":[{"start":{"line":5,"column":4},"end":{"line":10,"column":5}},{"start":{"line":8,"column":11},"end":{"line":10,"column":5}}],"line":5},"2":{"loc":{"start":{"line":5,"column":8},"end":{"line":5,"column":49}},"type":"binary-expr","locations":[{"start":{"line":5,"column":8},"end":{"line":5,"column":25}},{"start":{"line":5,"column":29},"end":{"line":5,"column":49}}],"line":5}},"s":{"0":1,"1":4,"2":7,"3":7,"4":0,"5":7,"6":1},"f":{"0":4,"1":7},"b":{"0":[7,7],"1":[0,7],"2":[7,7]},"_coverageSchema":"1a1c01bbd47fc00a2c39e90264f33305004495a9","hash":"907c7d51a9a21e14c0449bceba093bb71255e8e1"}
,"C:\\Users\\maisa\\Documents\\aa-maisa\\a-amk\\web\\project\\group7-project\\backend\\models\\postModel.js": {"path":"C:\\Users\\maisa\\Documents\\aa-maisa\\a-amk\\web\\project\\group7-project\\backend\\models\\postModel.js","statementMap":{"0":{"start":{"line":1,"column":17},"end":{"line":1,"column":36}},"1":{"start":{"line":3,"column":19},"end":{"line":29,"column":2}},"2":{"start":{"line":32,"column":0},"end":{"line":32,"column":52}}},"fnMap":{},"branchMap":{},"s":{"0":1,"1":1,"2":1},"f":{},"b":{},"_coverageSchema":"1a1c01bbd47fc00a2c39e90264f33305004495a9","hash":"cc1f39185baddcc41814a958e7d9392ba677b27b"}
,"C:\\Users\\maisa\\Documents\\aa-maisa\\a-amk\\web\\project\\group7-project\\backend\\models\\userModel.js": {"path":"C:\\Users\\maisa\\Documents\\aa-maisa\\a-amk\\web\\project\\group7-project\\backend\\models\\userModel.js","statementMap":{"0":{"start":{"line":1,"column":15},"end":{"line":1,"column":32}},"1":{"start":{"line":2,"column":17},"end":{"line":2,"column":36}},"2":{"start":{"line":4,"column":19},"end":{"line":35,"column":2}},"3":{"start":{"line":39,"column":0},"end":{"line":68,"column":2}},"4":{"start":{"line":41,"column":4},"end":{"line":43,"column":5}},"5":{"start":{"line":42,"column":6},"end":{"line":42,"column":47}},"6":{"start":{"line":44,"column":4},"end":{"line":46,"column":5}},"7":{"start":{"line":45,"column":6},"end":{"line":45,"column":37}},"8":{"start":{"line":47,"column":4},"end":{"line":49,"column":5}},"9":{"start":{"line":48,"column":6},"end":{"line":48,"column":48}},"10":{"start":{"line":50,"column":4},"end":{"line":52,"column":5}},"11":{"start":{"line":51,"column":8},"end":{"line":51,"column":44}},"12":{"start":{"line":54,"column":19},"end":{"line":54,"column":58}},"13":{"start":{"line":56,"column":4},"end":{"line":58,"column":5}},"14":{"start":{"line":57,"column":6},"end":{"line":57,"column":42}},"15":{"start":{"line":59,"column":4},"end":{"line":61,"column":5}},"16":{"start":{"line":60,"column":8},"end":{"line":60,"column":47}},"17":{"start":{"line":63,"column":17},"end":{"line":63,"column":41}},"18":{"start":{"line":64,"column":17},"end":{"line":64,"column":50}},"19":{"start":{"line":65,"column":17},"end":{"line":65,"column":61}},"20":{"start":{"line":67,"column":4},"end":{"line":67,"column":16}},"21":{"start":{"line":71,"column":0},"end":{"line":87,"column":2}},"22":{"start":{"line":72,"column":4},"end":{"line":74,"column":5}},"23":{"start":{"line":73,"column":6},"end":{"line":73,"column":47}},"24":{"start":{"line":76,"column":17},"end":{"line":76,"column":46}},"25":{"start":{"line":77,"column":4},"end":{"line":79,"column":5}},"26":{"start":{"line":78,"column":6},"end":{"line":78,"column":37}},"27":{"start":{"line":81,"column":18},"end":{"line":81,"column":63}},"28":{"start":{"line":82,"column":4},"end":{"line":84,"column":5}},"29":{"start":{"line":83,"column":6},"end":{"line":83,"column":40}},"30":{"start":{"line":86,"column":4},"end":{"line":86,"column":16}},"31":{"start":{"line":90,"column":0},"end":{"line":90,"column":52}}},"fnMap":{"0":{"name":"(anonymous_0)","decl":{"start":{"line":39,"column":28},"end":{"line":39,"column":29}},"loc":{"start":{"line":39,"column":72},"end":{"line":68,"column":1}},"line":39},"1":{"name":"(anonymous_1)","decl":{"start":{"line":71,"column":27},"end":{"line":71,"column":28}},"loc":{"start":{"line":71,"column":60},"end":{"line":87,"column":1}},"line":71}},"branchMap":{"0":{"loc":{"start":{"line":41,"column":4},"end":{"line":43,"column":5}},"type":"if","locations":[{"start":{"line":41,"column":4},"end":{"line":43,"column":5}},{"start":{},"end":{}}],"line":41},"1":{"loc":{"start":{"line":41,"column":8},"end":{"line":41,"column":27}},"type":"binary-expr","locations":[{"start":{"line":41,"column":8},"end":{"line":41,"column":14}},{"start":{"line":41,"column":18},"end":{"line":41,"column":27}}],"line":41},"2":{"loc":{"start":{"line":44,"column":4},"end":{"line":46,"column":5}},"type":"if","locations":[{"start":{"line":44,"column":4},"end":{"line":46,"column":5}},{"start":{},"end":{}}],"line":44},"3":{"loc":{"start":{"line":47,"column":4},"end":{"line":49,"column":5}},"type":"if","locations":[{"start":{"line":47,"column":4},"end":{"line":49,"column":5}},{"start":{},"end":{}}],"line":47},"4":{"loc":{"start":{"line":50,"column":4},"end":{"line":52,"column":5}},"type":"if","locations":[{"start":{"line":50,"column":4},"end":{"line":52,"column":5}},{"start":{},"end":{}}],"line":50},"5":{"loc":{"start":{"line":56,"column":4},"end":{"line":58,"column":5}},"type":"if","locations":[{"start":{"line":56,"column":4},"end":{"line":58,"column":5}},{"start":{},"end":{}}],"line":56},"6":{"loc":{"start":{"line":59,"column":4},"end":{"line":61,"column":5}},"type":"if","locations":[{"start":{"line":59,"column":4},"end":{"line":61,"column":5}},{"start":{},"end":{}}],"line":59},"7":{"loc":{"start":{"line":72,"column":4},"end":{"line":74,"column":5}},"type":"if","locations":[{"start":{"line":72,"column":4},"end":{"line":74,"column":5}},{"start":{},"end":{}}],"line":72},"8":{"loc":{"start":{"line":72,"column":8},"end":{"line":72,"column":27}},"type":"binary-expr","locations":[{"start":{"line":72,"column":8},"end":{"line":72,"column":14}},{"start":{"line":72,"column":18},"end":{"line":72,"column":27}}],"line":72},"9":{"loc":{"start":{"line":77,"column":4},"end":{"line":79,"column":5}},"type":"if","locations":[{"start":{"line":77,"column":4},"end":{"line":79,"column":5}},{"start":{},"end":{}}],"line":77},"10":{"loc":{"start":{"line":82,"column":4},"end":{"line":84,"column":5}},"type":"if","locations":[{"start":{"line":82,"column":4},"end":{"line":84,"column":5}},{"start":{},"end":{}}],"line":82}},"s":{"0":1,"1":1,"2":1,"3":1,"4":0,"5":0,"6":0,"7":0,"8":0,"9":0,"10":0,"11":0,"12":0,"13":0,"14":0,"15":0,"16":0,"17":0,"18":0,"19":0,"20":0,"21":1,"22":0,"23":0,"24":0,"25":0,"26":0,"27":0,"28":0,"29":0,"30":0,"31":1},"f":{"0":0,"1":0},"b":{"0":[0,0],"1":[0,0],"2":[0,0],"3":[0,0],"4":[0,0],"5":[0,0],"6":[0,0],"7":[0,0],"8":[0,0],"9":[0,0],"10":[0,0]},"_coverageSchema":"1a1c01bbd47fc00a2c39e90264f33305004495a9","hash":"643e3305b1c3e185b53d0e0775647e7a772a5d58"}
,"C:\\Users\\maisa\\Documents\\aa-maisa\\a-amk\\web\\project\\group7-project\\backend\\routers\\postRouter.js": {"path":"C:\\Users\\maisa\\Documents\\aa-maisa\\a-amk\\web\\project\\group7-project\\backend\\routers\\postRouter.js","statementMap":{"0":{"start":{"line":1,"column":16},"end":{"line":1,"column":34}},"1":{"start":{"line":2,"column":15},"end":{"line":2,"column":31}},"2":{"start":{"line":3,"column":17},"end":{"line":3,"column":36}},"3":{"start":{"line":4,"column":22},"end":{"line":4,"column":62}},"4":{"start":{"line":13,"column":4},"end":{"line":13,"column":44}},"5":{"start":{"line":19,"column":0},"end":{"line":19,"column":26}},"6":{"start":{"line":22,"column":0},"end":{"line":22,"column":58}},"7":{"start":{"line":25,"column":0},"end":{"line":25,"column":32}},"8":{"start":{"line":28,"column":0},"end":{"line":28,"column":40}},"9":{"start":{"line":31,"column":0},"end":{"line":31,"column":50}},"10":{"start":{"line":34,"column":0},"end":{"line":34,"column":53}},"11":{"start":{"line":37,"column":0},"end":{"line":37,"column":24}}},"fnMap":{},"branchMap":{"0":{"loc":{"start":{"line":22,"column":28},"end":{"line":22,"column":45}},"type":"binary-expr","locations":[{"start":{"line":22,"column":28},"end":{"line":22,"column":34}},{"start":{"line":22,"column":38},"end":{"line":22,"column":45}}],"line":22}},"s":{"0":1,"1":1,"2":1,"3":1,"4":1,"5":1,"6":1,"7":1,"8":1,"9":1,"10":1,"11":1},"f":{},"b":{"0":[1,0]},"_coverageSchema":"1a1c01bbd47fc00a2c39e90264f33305004495a9","hash":"d19cc9f1f159013a06dac9886d7deab2c6062e39"}
,"C:\\Users\\maisa\\Documents\\aa-maisa\\a-amk\\web\\project\\group7-project\\backend\\routers\\userRouter.js": {"path":"C:\\Users\\maisa\\Documents\\aa-maisa\\a-amk\\web\\project\\group7-project\\backend\\routers\\userRouter.js","statementMap":{"0":{"start":{"line":1,"column":16},"end":{"line":1,"column":34}},"1":{"start":{"line":2,"column":15},"end":{"line":2,"column":31}},"2":{"start":{"line":3,"column":22},"end":{"line":3,"column":62}},"3":{"start":{"line":11,"column":4},"end":{"line":11,"column":44}},"4":{"start":{"line":13,"column":34},"end":{"line":13,"column":75}},"5":{"start":{"line":17,"column":0},"end":{"line":17,"column":34}},"6":{"start":{"line":20,"column":0},"end":{"line":20,"column":32}},"7":{"start":{"line":23,"column":0},"end":{"line":23,"column":45}},"8":{"start":{"line":26,"column":0},"end":{"line":26,"column":26}},"9":{"start":{"line":29,"column":0},"end":{"line":29,"column":33}},"10":{"start":{"line":32,"column":0},"end":{"line":32,"column":31}},"11":{"start":{"line":35,"column":0},"end":{"line":35,"column":34}},"12":{"start":{"line":38,"column":0},"end":{"line":38,"column":24}}},"fnMap":{},"branchMap":{},"s":{"0":1,"1":1,"2":1,"3":1,"4":1,"5":1,"6":1,"7":1,"8":1,"9":1,"10":1,"11":1,"12":1},"f":{},"b":{},"_coverageSchema":"1a1c01bbd47fc00a2c39e90264f33305004495a9","hash":"84e897d5f3b5c28b07e556a6a497eb56b80cfd2a"}
}
