TN:
SF:app.js
FN:21,(anonymous_0)
FNF:1
FNH:0
FNDA:0,(anonymous_0)
DA:1,1
DA:2,1
DA:3,1
DA:4,1
DA:6,1
DA:7,1
DA:11,1
DA:14,1
DA:17,1
DA:18,1
DA:21,1
DA:22,1
DA:23,1
DA:26,1
LF:14
LH:14
BRF:0
BRH:0
end_of_record
TN:
SF:config\db.js
FN:3,(anonymous_0)
FNF:1
FNH:1
FNDA:1,(anonymous_0)
DA:1,1
DA:3,1
DA:4,1
DA:5,1
DA:6,1
DA:8,0
DA:9,0
DA:13,1
LF:8
LH:6
BRF:0
BRH:0
end_of_record
TN:
SF:controllers\loginController.js
FN:4,(anonymous_0)
FN:9,(anonymous_1)
FN:26,(anonymous_2)
FNF:3
FNH:2
FNDA:1,(anonymous_0)
FNDA:1,(anonymous_1)
FNDA:0,(anonymous_2)
DA:1,1
DA:2,1
DA:4,1
DA:5,1
DA:9,1
DA:10,1
DA:11,1
DA:13,1
DA:14,1
DA:17,1
DA:19,1
DA:21,0
DA:26,1
DA:27,0
DA:29,0
DA:30,0
DA:33,0
DA:35,0
DA:37,0
DA:42,1
LF:20
LH:13
BRF:0
BRH:0
end_of_record
TN:
SF:controllers\postController.js
FN:7,(anonymous_0)
FN:17,(anonymous_1)
FN:19,(anonymous_2)
FN:46,(anonymous_3)
FN:59,(anonymous_4)
FN:71,(anonymous_5)
FN:88,(anonymous_6)
FNF:7
FNH:2
FNDA:1,(anonymous_0)
FNDA:0,(anonymous_1)
FNDA:0,(anonymous_2)
FNDA:0,(anonymous_3)
FNDA:1,(anonymous_4)
FNDA:0,(anonymous_5)
FNDA:0,(anonymous_6)
DA:1,1
DA:2,1
DA:3,1
DA:7,1
DA:8,1
DA:9,1
DA:10,1
DA:12,0
DA:17,1
DA:18,0
DA:19,0
DA:20,0
DA:23,0
DA:24,0
DA:27,0
DA:30,0
DA:31,0
DA:33,0
DA:34,0
DA:35,0
DA:36,0
DA:37,0
DA:38,0
DA:39,0
DA:41,0
DA:46,1
DA:47,0
DA:48,0
DA:49,0
DA:50,0
DA:52,0
DA:54,0
DA:59,1
DA:60,1
DA:61,1
DA:62,1
DA:63,1
DA:65,0
DA:71,1
DA:72,0
DA:73,0
DA:78,0
DA:79,0
DA:81,0
DA:83,0
DA:88,1
DA:89,0
DA:90,0
DA:91,0
DA:92,0
DA:94,0
DA:96,0
DA:100,1
LF:53
LH:17
BRDA:23,0,0,0
BRDA:23,0,1,0
BRDA:49,1,0,0
BRDA:49,1,1,0
BRDA:78,2,0,0
BRDA:78,2,1,0
BRDA:91,3,0,0
BRDA:91,3,1,0
BRF:8
BRH:0
end_of_record
TN:
SF:controllers\userController.js
FN:6,(anonymous_0)
FN:21,(anonymous_1)
FN:40,(anonymous_2)
FN:51,(anonymous_3)
FN:69,(anonymous_4)
FNF:5
FNH:0
FNDA:0,(anonymous_0)
FNDA:0,(anonymous_1)
FNDA:0,(anonymous_2)
FNDA:0,(anonymous_3)
FNDA:0,(anonymous_4)
DA:1,1
DA:2,1
DA:6,1
DA:7,0
DA:8,0
DA:9,0
DA:10,0
DA:12,0
DA:15,0
DA:21,1
DA:22,0
DA:24,0
DA:25,0
DA:26,0
DA:29,0
DA:30,0
DA:31,0
DA:34,0
DA:40,1
DA:41,0
DA:42,0
DA:43,0
DA:45,0
DA:51,1
DA:52,0
DA:53,0
DA:54,0
DA:55,0
DA:56,0
DA:57,0
DA:58,0
DA:59,0
DA:60,0
DA:61,0
DA:64,0
DA:69,1
DA:70,0
DA:71,0
DA:72,0
DA:73,0
DA:76,0
DA:81,1
LF:42
LH:8
BRDA:9,0,0,0
BRDA:9,0,1,0
BRDA:25,1,0,0
BRDA:25,1,1,0
BRDA:25,2,0,0
BRDA:25,2,1,0
BRDA:25,2,2,0
BRDA:25,2,3,0
BRDA:60,3,0,0
BRDA:60,3,1,0
BRF:10
BRH:0
end_of_record
TN:
SF:middleware\authCheck.js
FN:4,(anonymous_0)
FNF:1
FNH:1
FNDA:9,(anonymous_0)
DA:1,1
DA:2,1
DA:4,1
DA:6,9
DA:8,9
DA:9,0
DA:12,9
DA:14,9
DA:15,9
DA:16,3
DA:17,3
DA:19,6
DA:23,1
LF:13
LH:12
BRDA:8,0,0,0
BRDA:8,0,1,9
BRF:2
BRH:1
end_of_record
TN:
SF:middleware\rolesMiddleware.js
FN:2,(anonymous_0)
FN:3,(anonymous_1)
FNF:2
FNH:2
FNDA:4,(anonymous_0)
FNDA:1,(anonymous_1)
DA:2,1
DA:3,4
DA:4,1
DA:6,1
DA:7,1
DA:8,0
DA:11,1
DA:16,1
LF:8
LH:7
BRDA:7,0,0,0
BRDA:7,0,1,1
BRDA:7,1,0,1
BRDA:7,1,1,1
BRF:4
BRH:3
end_of_record
TN:
SF:models\postModel.js
FN:32,(anonymous_0)
FNF:1
FNH:0
FNDA:0,(anonymous_0)
DA:1,1
DA:3,1
DA:32,1
DA:34,0
DA:35,0
DA:36,0
DA:38,0
DA:39,0
DA:41,0
DA:42,0
DA:45,1
LF:11
LH:4
BRDA:35,0,0,0
BRDA:35,0,1,0
BRDA:35,1,0,0
BRDA:35,1,1,0
BRF:4
BRH:0
end_of_record
TN:
SF:models\userModel.js
FN:35,(anonymous_0)
FN:79,(anonymous_1)
FNF:2
FNH:1
FNDA:1,(anonymous_0)
FNDA:0,(anonymous_1)
DA:1,1
DA:2,1
DA:3,1
DA:5,1
DA:35,1
DA:39,1
DA:40,0
DA:43,1
DA:44,0
DA:47,1
DA:48,0
DA:51,1
DA:52,0
DA:56,1
DA:57,1
DA:58,0
DA:62,1
DA:64,1
DA:65,0
DA:69,1
DA:70,1
DA:71,1
DA:73,1
DA:75,1
DA:79,1
DA:80,0
DA:81,0
DA:84,0
DA:85,0
DA:86,0
DA:89,0
DA:90,0
DA:91,0
DA:94,0
DA:98,1
LF:35
LH:20
BRDA:39,0,0,0
BRDA:39,0,1,1
BRDA:39,1,0,1
BRDA:39,1,1,1
BRDA:43,2,0,0
BRDA:43,2,1,1
BRDA:47,3,0,0
BRDA:47,3,1,1
BRDA:51,4,0,0
BRDA:51,4,1,1
BRDA:57,5,0,0
BRDA:57,5,1,1
BRDA:64,6,0,0
BRDA:64,6,1,1
BRDA:80,7,0,0
BRDA:80,7,1,0
BRDA:80,8,0,0
BRDA:80,8,1,0
BRDA:85,9,0,0
BRDA:85,9,1,0
BRDA:90,10,0,0
BRDA:90,10,1,0
BRF:22
BRH:8
end_of_record
TN:
SF:routers\postRouter.js
FNF:0
FNH:0
DA:1,1
DA:2,1
DA:3,1
DA:4,1
DA:5,1
DA:14,1
DA:18,1
DA:21,1
DA:24,1
DA:27,1
DA:30,1
DA:33,1
DA:36,1
DA:39,1
LF:14
LH:14
BRDA:24,0,0,1
BRDA:24,0,1,0
BRDA:36,1,0,1
BRDA:36,1,1,0
BRF:4
BRH:2
end_of_record
TN:
SF:routers\userRouter.js
FNF:0
FNH:0
DA:1,1
DA:2,1
DA:3,1
DA:11,1
DA:13,1
DA:17,1
DA:20,1
DA:23,1
DA:26,1
DA:29,1
DA:32,1
DA:35,1
DA:38,1
LF:13
LH:13
BRF:0
BRH:0
end_of_record
